INFO - 2023-12-16 00:53:00 --> Session: Class initialized using 'CodeIgniter\Session\Handlers\FileHandler' driver.
INFO - 2023-12-16 00:53:09 --> Session: Class initialized using 'CodeIgniter\Session\Handlers\FileHandler' driver.
INFO - 2023-12-16 00:53:09 --> Session: Class initialized using 'CodeIgniter\Session\Handlers\FileHandler' driver.
INFO - 2023-12-16 00:53:23 --> Session: Class initialized using 'CodeIgniter\Session\Handlers\FileHandler' driver.
INFO - 2023-12-16 00:53:26 --> Session: Class initialized using 'CodeIgniter\Session\Handlers\FileHandler' driver.
INFO - 2023-12-16 00:53:33 --> Session: Class initialized using 'CodeIgniter\Session\Handlers\FileHandler' driver.
INFO - 2023-12-16 00:53:52 --> Session: Class initialized using 'CodeIgniter\Session\Handlers\FileHandler' driver.
INFO - 2023-12-16 00:54:33 --> Session: Class initialized using 'CodeIgniter\Session\Handlers\FileHandler' driver.
INFO - 2023-12-16 00:58:42 --> Session: Class initialized using 'CodeIgniter\Session\Handlers\FileHandler' driver.
INFO - 2023-12-16 00:58:45 --> Session: Class initialized using 'CodeIgniter\Session\Handlers\FileHandler' driver.
INFO - 2023-12-16 01:00:07 --> Session: Class initialized using 'CodeIgniter\Session\Handlers\FileHandler' driver.
INFO - 2023-12-16 01:10:03 --> Session: Class initialized using 'CodeIgniter\Session\Handlers\FileHandler' driver.
INFO - 2023-12-16 01:10:58 --> Session: Class initialized using 'CodeIgniter\Session\Handlers\FileHandler' driver.
INFO - 2023-12-16 01:13:24 --> Session: Class initialized using 'CodeIgniter\Session\Handlers\FileHandler' driver.
INFO - 2023-12-16 01:18:18 --> Session: Class initialized using 'CodeIgniter\Session\Handlers\FileHandler' driver.
INFO - 2023-12-16 01:18:31 --> Session: Class initialized using 'CodeIgniter\Session\Handlers\FileHandler' driver.
INFO - 2023-12-16 01:19:35 --> Session: Class initialized using 'CodeIgniter\Session\Handlers\FileHandler' driver.
INFO - 2023-12-16 01:19:58 --> Session: Class initialized using 'CodeIgniter\Session\Handlers\FileHandler' driver.
INFO - 2023-12-16 01:26:18 --> Session: Class initialized using 'CodeIgniter\Session\Handlers\FileHandler' driver.
INFO - 2023-12-16 01:27:19 --> Session: Class initialized using 'CodeIgniter\Session\Handlers\FileHandler' driver.
INFO - 2023-12-16 01:27:34 --> Session: Class initialized using 'CodeIgniter\Session\Handlers\FileHandler' driver.
INFO - 2023-12-16 01:27:46 --> Session: Class initialized using 'CodeIgniter\Session\Handlers\FileHandler' driver.
INFO - 2023-12-16 01:38:00 --> Session: Class initialized using 'CodeIgniter\Session\Handlers\FileHandler' driver.
INFO - 2023-12-16 01:38:57 --> Session: Class initialized using 'CodeIgniter\Session\Handlers\FileHandler' driver.
INFO - 2023-12-16 01:39:14 --> Session: Class initialized using 'CodeIgniter\Session\Handlers\FileHandler' driver.
INFO - 2023-12-16 01:39:37 --> Session: Class initialized using 'CodeIgniter\Session\Handlers\FileHandler' driver.
INFO - 2023-12-16 01:39:47 --> Session: Class initialized using 'CodeIgniter\Session\Handlers\FileHandler' driver.
INFO - 2023-12-16 01:40:09 --> Session: Class initialized using 'CodeIgniter\Session\Handlers\FileHandler' driver.
INFO - 2023-12-16 01:40:36 --> Session: Class initialized using 'CodeIgniter\Session\Handlers\FileHandler' driver.
INFO - 2023-12-16 01:41:10 --> Session: Class initialized using 'CodeIgniter\Session\Handlers\FileHandler' driver.
INFO - 2023-12-16 01:41:42 --> Session: Class initialized using 'CodeIgniter\Session\Handlers\FileHandler' driver.
INFO - 2023-12-16 01:42:14 --> Session: Class initialized using 'CodeIgniter\Session\Handlers\FileHandler' driver.
INFO - 2023-12-16 01:42:33 --> Session: Class initialized using 'CodeIgniter\Session\Handlers\FileHandler' driver.
INFO - 2023-12-16 01:46:39 --> Session: Class initialized using 'CodeIgniter\Session\Handlers\FileHandler' driver.
INFO - 2023-12-16 01:46:48 --> Session: Class initialized using 'CodeIgniter\Session\Handlers\FileHandler' driver.
INFO - 2023-12-16 01:47:10 --> Session: Class initialized using 'CodeIgniter\Session\Handlers\FileHandler' driver.
INFO - 2023-12-16 01:47:11 --> Session: Class initialized using 'CodeIgniter\Session\Handlers\FileHandler' driver.
INFO - 2023-12-16 01:47:12 --> Session: Class initialized using 'CodeIgniter\Session\Handlers\FileHandler' driver.
INFO - 2023-12-16 01:47:29 --> Session: Class initialized using 'CodeIgniter\Session\Handlers\FileHandler' driver.
INFO - 2023-12-16 01:47:30 --> Session: Class initialized using 'CodeIgniter\Session\Handlers\FileHandler' driver.
INFO - 2023-12-16 01:47:33 --> Session: Class initialized using 'CodeIgniter\Session\Handlers\FileHandler' driver.
INFO - 2023-12-16 01:47:36 --> Session: Class initialized using 'CodeIgniter\Session\Handlers\FileHandler' driver.
INFO - 2023-12-16 01:47:43 --> Session: Class initialized using 'CodeIgniter\Session\Handlers\FileHandler' driver.
INFO - 2023-12-16 01:47:44 --> Session: Class initialized using 'CodeIgniter\Session\Handlers\FileHandler' driver.
INFO - 2023-12-16 01:47:47 --> Session: Class initialized using 'CodeIgniter\Session\Handlers\FileHandler' driver.
INFO - 2023-12-16 01:47:56 --> Session: Class initialized using 'CodeIgniter\Session\Handlers\FileHandler' driver.
INFO - 2023-12-16 01:47:57 --> Session: Class initialized using 'CodeIgniter\Session\Handlers\FileHandler' driver.
INFO - 2023-12-16 01:47:59 --> Session: Class initialized using 'CodeIgniter\Session\Handlers\FileHandler' driver.
INFO - 2023-12-16 01:48:26 --> Session: Class initialized using 'CodeIgniter\Session\Handlers\FileHandler' driver.
INFO - 2023-12-16 01:48:27 --> Session: Class initialized using 'CodeIgniter\Session\Handlers\FileHandler' driver.
INFO - 2023-12-16 01:48:28 --> Session: Class initialized using 'CodeIgniter\Session\Handlers\FileHandler' driver.
INFO - 2023-12-16 01:48:29 --> Session: Class initialized using 'CodeIgniter\Session\Handlers\FileHandler' driver.
INFO - 2023-12-16 01:48:31 --> Session: Class initialized using 'CodeIgniter\Session\Handlers\FileHandler' driver.
INFO - 2023-12-16 01:48:32 --> Session: Class initialized using 'CodeIgniter\Session\Handlers\FileHandler' driver.
INFO - 2023-12-16 01:48:34 --> Session: Class initialized using 'CodeIgniter\Session\Handlers\FileHandler' driver.
INFO - 2023-12-16 01:49:25 --> Session: Class initialized using 'CodeIgniter\Session\Handlers\FileHandler' driver.
INFO - 2023-12-16 01:49:27 --> Session: Class initialized using 'CodeIgniter\Session\Handlers\FileHandler' driver.
INFO - 2023-12-16 01:50:03 --> Session: Class initialized using 'CodeIgniter\Session\Handlers\FileHandler' driver.
INFO - 2023-12-16 01:50:05 --> Session: Class initialized using 'CodeIgniter\Session\Handlers\FileHandler' driver.
INFO - 2023-12-16 01:51:44 --> Session: Class initialized using 'CodeIgniter\Session\Handlers\FileHandler' driver.
INFO - 2023-12-16 01:51:46 --> Session: Class initialized using 'CodeIgniter\Session\Handlers\FileHandler' driver.
INFO - 2023-12-16 01:52:02 --> Session: Class initialized using 'CodeIgniter\Session\Handlers\FileHandler' driver.
INFO - 2023-12-16 01:52:09 --> Session: Class initialized using 'CodeIgniter\Session\Handlers\FileHandler' driver.
INFO - 2023-12-16 01:52:37 --> Session: Class initialized using 'CodeIgniter\Session\Handlers\FileHandler' driver.
INFO - 2023-12-16 01:52:39 --> Session: Class initialized using 'CodeIgniter\Session\Handlers\FileHandler' driver.
INFO - 2023-12-16 01:53:11 --> Session: Class initialized using 'CodeIgniter\Session\Handlers\FileHandler' driver.
INFO - 2023-12-16 01:56:45 --> Session: Class initialized using 'CodeIgniter\Session\Handlers\FileHandler' driver.
INFO - 2023-12-16 01:57:56 --> Session: Class initialized using 'CodeIgniter\Session\Handlers\FileHandler' driver.
INFO - 2023-12-16 02:00:15 --> Session: Class initialized using 'CodeIgniter\Session\Handlers\FileHandler' driver.
INFO - 2023-12-16 02:00:19 --> Session: Class initialized using 'CodeIgniter\Session\Handlers\FileHandler' driver.
INFO - 2023-12-16 02:00:21 --> Session: Class initialized using 'CodeIgniter\Session\Handlers\FileHandler' driver.
INFO - 2023-12-16 02:01:22 --> Session: Class initialized using 'CodeIgniter\Session\Handlers\FileHandler' driver.
INFO - 2023-12-16 02:05:05 --> Session: Class initialized using 'CodeIgniter\Session\Handlers\FileHandler' driver.
INFO - 2023-12-16 02:05:08 --> Session: Class initialized using 'CodeIgniter\Session\Handlers\FileHandler' driver.
INFO - 2023-12-16 02:05:10 --> Session: Class initialized using 'CodeIgniter\Session\Handlers\FileHandler' driver.
INFO - 2023-12-16 02:05:13 --> Session: Class initialized using 'CodeIgniter\Session\Handlers\FileHandler' driver.
INFO - 2023-12-16 02:05:45 --> Session: Class initialized using 'CodeIgniter\Session\Handlers\FileHandler' driver.
INFO - 2023-12-16 02:19:16 --> Session: Class initialized using 'CodeIgniter\Session\Handlers\FileHandler' driver.
INFO - 2023-12-16 02:26:12 --> Session: Class initialized using 'CodeIgniter\Session\Handlers\FileHandler' driver.
INFO - 2023-12-16 02:26:36 --> Session: Class initialized using 'CodeIgniter\Session\Handlers\FileHandler' driver.
INFO - 2023-12-16 02:26:49 --> Session: Class initialized using 'CodeIgniter\Session\Handlers\FileHandler' driver.
INFO - 2023-12-16 02:27:42 --> Session: Class initialized using 'CodeIgniter\Session\Handlers\FileHandler' driver.
INFO - 2023-12-16 02:28:30 --> Session: Class initialized using 'CodeIgniter\Session\Handlers\FileHandler' driver.
INFO - 2023-12-16 02:29:54 --> Session: Class initialized using 'CodeIgniter\Session\Handlers\FileHandler' driver.
INFO - 2023-12-16 02:30:08 --> Session: Class initialized using 'CodeIgniter\Session\Handlers\FileHandler' driver.
INFO - 2023-12-16 02:30:48 --> Session: Class initialized using 'CodeIgniter\Session\Handlers\FileHandler' driver.
INFO - 2023-12-16 02:36:45 --> Session: Class initialized using 'CodeIgniter\Session\Handlers\FileHandler' driver.
INFO - 2023-12-16 02:41:23 --> Session: Class initialized using 'CodeIgniter\Session\Handlers\FileHandler' driver.
INFO - 2023-12-16 02:42:09 --> Session: Class initialized using 'CodeIgniter\Session\Handlers\FileHandler' driver.
INFO - 2023-12-16 02:46:01 --> Session: Class initialized using 'CodeIgniter\Session\Handlers\FileHandler' driver.
INFO - 2023-12-16 02:50:07 --> Session: Class initialized using 'CodeIgniter\Session\Handlers\FileHandler' driver.
INFO - 2023-12-16 02:50:22 --> Session: Class initialized using 'CodeIgniter\Session\Handlers\FileHandler' driver.
INFO - 2023-12-16 02:51:50 --> Session: Class initialized using 'CodeIgniter\Session\Handlers\FileHandler' driver.
INFO - 2023-12-16 02:51:51 --> Session: Class initialized using 'CodeIgniter\Session\Handlers\FileHandler' driver.
INFO - 2023-12-16 02:52:20 --> Session: Class initialized using 'CodeIgniter\Session\Handlers\FileHandler' driver.
INFO - 2023-12-16 02:52:39 --> Session: Class initialized using 'CodeIgniter\Session\Handlers\FileHandler' driver.
INFO - 2023-12-16 02:54:30 --> Session: Class initialized using 'CodeIgniter\Session\Handlers\FileHandler' driver.
INFO - 2023-12-16 02:55:44 --> Session: Class initialized using 'CodeIgniter\Session\Handlers\FileHandler' driver.
INFO - 2023-12-16 02:57:37 --> Session: Class initialized using 'CodeIgniter\Session\Handlers\FileHandler' driver.
INFO - 2023-12-16 02:59:13 --> Session: Class initialized using 'CodeIgniter\Session\Handlers\FileHandler' driver.
INFO - 2023-12-16 03:01:35 --> Session: Class initialized using 'CodeIgniter\Session\Handlers\FileHandler' driver.
INFO - 2023-12-16 03:03:57 --> Session: Class initialized using 'CodeIgniter\Session\Handlers\FileHandler' driver.
INFO - 2023-12-16 03:07:32 --> Session: Class initialized using 'CodeIgniter\Session\Handlers\FileHandler' driver.
INFO - 2023-12-16 03:08:00 --> Session: Class initialized using 'CodeIgniter\Session\Handlers\FileHandler' driver.
ERROR - 2023-12-16 03:09:49 --> mysqli_sql_exception: Column 'director' cannot be null in /Applications/XAMPP/xamppfiles/htdocs/bioskop/system/Database/MySQLi/Connection.php:306
Stack trace:
#0 /Applications/XAMPP/xamppfiles/htdocs/bioskop/system/Database/MySQLi/Connection.php(306): mysqli->query('INSERT INTO `mo...', 0)
#1 /Applications/XAMPP/xamppfiles/htdocs/bioskop/system/Database/BaseConnection.php(693): CodeIgniter\Database\MySQLi\Connection->execute('INSERT INTO `mo...')
#2 /Applications/XAMPP/xamppfiles/htdocs/bioskop/system/Database/BaseConnection.php(607): CodeIgniter\Database\BaseConnection->simpleQuery('INSERT INTO `mo...')
#3 /Applications/XAMPP/xamppfiles/htdocs/bioskop/system/Database/BaseBuilder.php(2301): CodeIgniter\Database\BaseConnection->query('INSERT INTO `mo...', Array, false)
#4 /Applications/XAMPP/xamppfiles/htdocs/bioskop/system/Model.php(326): CodeIgniter\Database\BaseBuilder->insert()
#5 /Applications/XAMPP/xamppfiles/htdocs/bioskop/system/BaseModel.php(800): CodeIgniter\Model->doInsert(Array)
#6 /Applications/XAMPP/xamppfiles/htdocs/bioskop/system/Model.php(742): CodeIgniter\BaseModel->insert(Array, true)
#7 /Applications/XAMPP/xamppfiles/htdocs/bioskop/app/Controllers/MovieAPI.php(50): CodeIgniter\Model->insert(Array)
#8 /Applications/XAMPP/xamppfiles/htdocs/bioskop/system/CodeIgniter.php(942): App\Controllers\MovieAPI->create()
#9 /Applications/XAMPP/xamppfiles/htdocs/bioskop/system/CodeIgniter.php(502): CodeIgniter\CodeIgniter->runController(Object(App\Controllers\MovieAPI))
#10 /Applications/XAMPP/xamppfiles/htdocs/bioskop/system/CodeIgniter.php(361): CodeIgniter\CodeIgniter->handleRequest(NULL, Object(Config\Cache), false)
#11 /Applications/XAMPP/xamppfiles/htdocs/bioskop/public/index.php(79): CodeIgniter\CodeIgniter->run()
#12 /Applications/XAMPP/xamppfiles/htdocs/bioskop/system/Commands/Server/rewrite.php(47): require_once('/Applications/X...')
#13 {main}
CRITICAL - 2023-12-16 03:09:49 --> CodeIgniter\Database\Exceptions\DatabaseException: Column 'director' cannot be null
in SYSTEMPATH/Database/BaseConnection.php on line 647.
 1 SYSTEMPATH/Database/BaseBuilder.php(2301): CodeIgniter\Database\BaseConnection->query('INSERT INTO `movie` (`title`, `synopsis`, `genre`, `durationInMins`, `director`, `cast`, `posterImg`) VALUES (:title:, :synopsis:, :genre:, :durationInMins:, :director:, :cast:, :posterImg:)', [...], false)
 2 SYSTEMPATH/Model.php(326): CodeIgniter\Database\BaseBuilder->insert()
 3 SYSTEMPATH/BaseModel.php(800): CodeIgniter\Model->doInsert([...])
 4 SYSTEMPATH/Model.php(742): CodeIgniter\BaseModel->insert([...], true)
 5 APPPATH/Controllers/MovieAPI.php(50): CodeIgniter\Model->insert([...])
 6 SYSTEMPATH/CodeIgniter.php(942): App\Controllers\MovieAPI->create()
 7 SYSTEMPATH/CodeIgniter.php(502): CodeIgniter\CodeIgniter->runController(Object(App\Controllers\MovieAPI))
 8 SYSTEMPATH/CodeIgniter.php(361): CodeIgniter\CodeIgniter->handleRequest(null, Object(Config\Cache), false)
 9 FCPATH/index.php(79): CodeIgniter\CodeIgniter->run()
10 SYSTEMPATH/Commands/Server/rewrite.php(47): require_once('/Applications/XAMPP/xamppfiles/htdocs/bioskop/public/index.php')
CRITICAL - 2023-12-16 03:09:49 --> [Caused by] CodeIgniter\Database\Exceptions\DatabaseException: Column 'director' cannot be null
in SYSTEMPATH/Database/MySQLi/Connection.php on line 311.
 1 SYSTEMPATH/Database/BaseConnection.php(693): CodeIgniter\Database\MySQLi\Connection->execute('INSERT INTO `movie` (`title`, `synopsis`, `genre`, `durationInMins`, `director`, `cast`, `posterImg`) VALUES (\'d\', \'d\', \'d\', \'12\', NULL, \'w\', \'1702696189_212278e5b63264d3a6e8.png\')')
 2 SYSTEMPATH/Database/BaseConnection.php(607): CodeIgniter\Database\BaseConnection->simpleQuery('INSERT INTO `movie` (`title`, `synopsis`, `genre`, `durationInMins`, `director`, `cast`, `posterImg`) VALUES (\'d\', \'d\', \'d\', \'12\', NULL, \'w\', \'1702696189_212278e5b63264d3a6e8.png\')')
 3 SYSTEMPATH/Database/BaseBuilder.php(2301): CodeIgniter\Database\BaseConnection->query('INSERT INTO `movie` (`title`, `synopsis`, `genre`, `durationInMins`, `director`, `cast`, `posterImg`) VALUES (:title:, :synopsis:, :genre:, :durationInMins:, :director:, :cast:, :posterImg:)', [...], false)
 4 SYSTEMPATH/Model.php(326): CodeIgniter\Database\BaseBuilder->insert()
 5 SYSTEMPATH/BaseModel.php(800): CodeIgniter\Model->doInsert([...])
 6 SYSTEMPATH/Model.php(742): CodeIgniter\BaseModel->insert([...], true)
 7 APPPATH/Controllers/MovieAPI.php(50): CodeIgniter\Model->insert([...])
 8 SYSTEMPATH/CodeIgniter.php(942): App\Controllers\MovieAPI->create()
 9 SYSTEMPATH/CodeIgniter.php(502): CodeIgniter\CodeIgniter->runController(Object(App\Controllers\MovieAPI))
10 SYSTEMPATH/CodeIgniter.php(361): CodeIgniter\CodeIgniter->handleRequest(null, Object(Config\Cache), false)
11 FCPATH/index.php(79): CodeIgniter\CodeIgniter->run()
12 SYSTEMPATH/Commands/Server/rewrite.php(47): require_once('/Applications/XAMPP/xamppfiles/htdocs/bioskop/public/index.php')
CRITICAL - 2023-12-16 03:09:49 --> [Caused by] mysqli_sql_exception: Column 'director' cannot be null
in SYSTEMPATH/Database/MySQLi/Connection.php on line 306.
 1 SYSTEMPATH/Database/MySQLi/Connection.php(306): mysqli->query('INSERT INTO `movie` (`title`, `synopsis`, `genre`, `durationInMins`, `director`, `cast`, `posterImg`) VALUES (\'d\', \'d\', \'d\', \'12\', NULL, \'w\', \'1702696189_212278e5b63264d3a6e8.png\')', 0)
 2 SYSTEMPATH/Database/BaseConnection.php(693): CodeIgniter\Database\MySQLi\Connection->execute('INSERT INTO `movie` (`title`, `synopsis`, `genre`, `durationInMins`, `director`, `cast`, `posterImg`) VALUES (\'d\', \'d\', \'d\', \'12\', NULL, \'w\', \'1702696189_212278e5b63264d3a6e8.png\')')
 3 SYSTEMPATH/Database/BaseConnection.php(607): CodeIgniter\Database\BaseConnection->simpleQuery('INSERT INTO `movie` (`title`, `synopsis`, `genre`, `durationInMins`, `director`, `cast`, `posterImg`) VALUES (\'d\', \'d\', \'d\', \'12\', NULL, \'w\', \'1702696189_212278e5b63264d3a6e8.png\')')
 4 SYSTEMPATH/Database/BaseBuilder.php(2301): CodeIgniter\Database\BaseConnection->query('INSERT INTO `movie` (`title`, `synopsis`, `genre`, `durationInMins`, `director`, `cast`, `posterImg`) VALUES (:title:, :synopsis:, :genre:, :durationInMins:, :director:, :cast:, :posterImg:)', [...], false)
 5 SYSTEMPATH/Model.php(326): CodeIgniter\Database\BaseBuilder->insert()
 6 SYSTEMPATH/BaseModel.php(800): CodeIgniter\Model->doInsert([...])
 7 SYSTEMPATH/Model.php(742): CodeIgniter\BaseModel->insert([...], true)
 8 APPPATH/Controllers/MovieAPI.php(50): CodeIgniter\Model->insert([...])
 9 SYSTEMPATH/CodeIgniter.php(942): App\Controllers\MovieAPI->create()
10 SYSTEMPATH/CodeIgniter.php(502): CodeIgniter\CodeIgniter->runController(Object(App\Controllers\MovieAPI))
11 SYSTEMPATH/CodeIgniter.php(361): CodeIgniter\CodeIgniter->handleRequest(null, Object(Config\Cache), false)
12 FCPATH/index.php(79): CodeIgniter\CodeIgniter->run()
13 SYSTEMPATH/Commands/Server/rewrite.php(47): require_once('/Applications/XAMPP/xamppfiles/htdocs/bioskop/public/index.php')
INFO - 2023-12-16 03:10:11 --> Session: Class initialized using 'CodeIgniter\Session\Handlers\FileHandler' driver.
ERROR - 2023-12-16 03:10:20 --> mysqli_sql_exception: Column 'director' cannot be null in /Applications/XAMPP/xamppfiles/htdocs/bioskop/system/Database/MySQLi/Connection.php:306
Stack trace:
#0 /Applications/XAMPP/xamppfiles/htdocs/bioskop/system/Database/MySQLi/Connection.php(306): mysqli->query('INSERT INTO `mo...', 0)
#1 /Applications/XAMPP/xamppfiles/htdocs/bioskop/system/Database/BaseConnection.php(693): CodeIgniter\Database\MySQLi\Connection->execute('INSERT INTO `mo...')
#2 /Applications/XAMPP/xamppfiles/htdocs/bioskop/system/Database/BaseConnection.php(607): CodeIgniter\Database\BaseConnection->simpleQuery('INSERT INTO `mo...')
#3 /Applications/XAMPP/xamppfiles/htdocs/bioskop/system/Database/BaseBuilder.php(2301): CodeIgniter\Database\BaseConnection->query('INSERT INTO `mo...', Array, false)
#4 /Applications/XAMPP/xamppfiles/htdocs/bioskop/system/Model.php(326): CodeIgniter\Database\BaseBuilder->insert()
#5 /Applications/XAMPP/xamppfiles/htdocs/bioskop/system/BaseModel.php(800): CodeIgniter\Model->doInsert(Array)
#6 /Applications/XAMPP/xamppfiles/htdocs/bioskop/system/Model.php(742): CodeIgniter\BaseModel->insert(Array, true)
#7 /Applications/XAMPP/xamppfiles/htdocs/bioskop/app/Controllers/MovieAPI.php(50): CodeIgniter\Model->insert(Array)
#8 /Applications/XAMPP/xamppfiles/htdocs/bioskop/system/CodeIgniter.php(942): App\Controllers\MovieAPI->create()
#9 /Applications/XAMPP/xamppfiles/htdocs/bioskop/system/CodeIgniter.php(502): CodeIgniter\CodeIgniter->runController(Object(App\Controllers\MovieAPI))
#10 /Applications/XAMPP/xamppfiles/htdocs/bioskop/system/CodeIgniter.php(361): CodeIgniter\CodeIgniter->handleRequest(NULL, Object(Config\Cache), false)
#11 /Applications/XAMPP/xamppfiles/htdocs/bioskop/public/index.php(79): CodeIgniter\CodeIgniter->run()
#12 /Applications/XAMPP/xamppfiles/htdocs/bioskop/system/Commands/Server/rewrite.php(47): require_once('/Applications/X...')
#13 {main}
CRITICAL - 2023-12-16 03:10:20 --> CodeIgniter\Database\Exceptions\DatabaseException: Column 'director' cannot be null
in SYSTEMPATH/Database/BaseConnection.php on line 647.
 1 SYSTEMPATH/Database/BaseBuilder.php(2301): CodeIgniter\Database\BaseConnection->query('INSERT INTO `movie` (`title`, `synopsis`, `genre`, `durationInMins`, `director`, `cast`, `posterImg`) VALUES (:title:, :synopsis:, :genre:, :durationInMins:, :director:, :cast:, :posterImg:)', [...], false)
 2 SYSTEMPATH/Model.php(326): CodeIgniter\Database\BaseBuilder->insert()
 3 SYSTEMPATH/BaseModel.php(800): CodeIgniter\Model->doInsert([...])
 4 SYSTEMPATH/Model.php(742): CodeIgniter\BaseModel->insert([...], true)
 5 APPPATH/Controllers/MovieAPI.php(50): CodeIgniter\Model->insert([...])
 6 SYSTEMPATH/CodeIgniter.php(942): App\Controllers\MovieAPI->create()
 7 SYSTEMPATH/CodeIgniter.php(502): CodeIgniter\CodeIgniter->runController(Object(App\Controllers\MovieAPI))
 8 SYSTEMPATH/CodeIgniter.php(361): CodeIgniter\CodeIgniter->handleRequest(null, Object(Config\Cache), false)
 9 FCPATH/index.php(79): CodeIgniter\CodeIgniter->run()
10 SYSTEMPATH/Commands/Server/rewrite.php(47): require_once('/Applications/XAMPP/xamppfiles/htdocs/bioskop/public/index.php')
CRITICAL - 2023-12-16 03:10:20 --> [Caused by] CodeIgniter\Database\Exceptions\DatabaseException: Column 'director' cannot be null
in SYSTEMPATH/Database/MySQLi/Connection.php on line 311.
 1 SYSTEMPATH/Database/BaseConnection.php(693): CodeIgniter\Database\MySQLi\Connection->execute('INSERT INTO `movie` (`title`, `synopsis`, `genre`, `durationInMins`, `director`, `cast`, `posterImg`) VALUES (\'d\', \'d\', \'d\', \'12\', NULL, \'w\', \'1702696220_6ca7d9e16d2b6f9ac1d5.png\')')
 2 SYSTEMPATH/Database/BaseConnection.php(607): CodeIgniter\Database\BaseConnection->simpleQuery('INSERT INTO `movie` (`title`, `synopsis`, `genre`, `durationInMins`, `director`, `cast`, `posterImg`) VALUES (\'d\', \'d\', \'d\', \'12\', NULL, \'w\', \'1702696220_6ca7d9e16d2b6f9ac1d5.png\')')
 3 SYSTEMPATH/Database/BaseBuilder.php(2301): CodeIgniter\Database\BaseConnection->query('INSERT INTO `movie` (`title`, `synopsis`, `genre`, `durationInMins`, `director`, `cast`, `posterImg`) VALUES (:title:, :synopsis:, :genre:, :durationInMins:, :director:, :cast:, :posterImg:)', [...], false)
 4 SYSTEMPATH/Model.php(326): CodeIgniter\Database\BaseBuilder->insert()
 5 SYSTEMPATH/BaseModel.php(800): CodeIgniter\Model->doInsert([...])
 6 SYSTEMPATH/Model.php(742): CodeIgniter\BaseModel->insert([...], true)
 7 APPPATH/Controllers/MovieAPI.php(50): CodeIgniter\Model->insert([...])
 8 SYSTEMPATH/CodeIgniter.php(942): App\Controllers\MovieAPI->create()
 9 SYSTEMPATH/CodeIgniter.php(502): CodeIgniter\CodeIgniter->runController(Object(App\Controllers\MovieAPI))
10 SYSTEMPATH/CodeIgniter.php(361): CodeIgniter\CodeIgniter->handleRequest(null, Object(Config\Cache), false)
11 FCPATH/index.php(79): CodeIgniter\CodeIgniter->run()
12 SYSTEMPATH/Commands/Server/rewrite.php(47): require_once('/Applications/XAMPP/xamppfiles/htdocs/bioskop/public/index.php')
CRITICAL - 2023-12-16 03:10:20 --> [Caused by] mysqli_sql_exception: Column 'director' cannot be null
in SYSTEMPATH/Database/MySQLi/Connection.php on line 306.
 1 SYSTEMPATH/Database/MySQLi/Connection.php(306): mysqli->query('INSERT INTO `movie` (`title`, `synopsis`, `genre`, `durationInMins`, `director`, `cast`, `posterImg`) VALUES (\'d\', \'d\', \'d\', \'12\', NULL, \'w\', \'1702696220_6ca7d9e16d2b6f9ac1d5.png\')', 0)
 2 SYSTEMPATH/Database/BaseConnection.php(693): CodeIgniter\Database\MySQLi\Connection->execute('INSERT INTO `movie` (`title`, `synopsis`, `genre`, `durationInMins`, `director`, `cast`, `posterImg`) VALUES (\'d\', \'d\', \'d\', \'12\', NULL, \'w\', \'1702696220_6ca7d9e16d2b6f9ac1d5.png\')')
 3 SYSTEMPATH/Database/BaseConnection.php(607): CodeIgniter\Database\BaseConnection->simpleQuery('INSERT INTO `movie` (`title`, `synopsis`, `genre`, `durationInMins`, `director`, `cast`, `posterImg`) VALUES (\'d\', \'d\', \'d\', \'12\', NULL, \'w\', \'1702696220_6ca7d9e16d2b6f9ac1d5.png\')')
 4 SYSTEMPATH/Database/BaseBuilder.php(2301): CodeIgniter\Database\BaseConnection->query('INSERT INTO `movie` (`title`, `synopsis`, `genre`, `durationInMins`, `director`, `cast`, `posterImg`) VALUES (:title:, :synopsis:, :genre:, :durationInMins:, :director:, :cast:, :posterImg:)', [...], false)
 5 SYSTEMPATH/Model.php(326): CodeIgniter\Database\BaseBuilder->insert()
 6 SYSTEMPATH/BaseModel.php(800): CodeIgniter\Model->doInsert([...])
 7 SYSTEMPATH/Model.php(742): CodeIgniter\BaseModel->insert([...], true)
 8 APPPATH/Controllers/MovieAPI.php(50): CodeIgniter\Model->insert([...])
 9 SYSTEMPATH/CodeIgniter.php(942): App\Controllers\MovieAPI->create()
10 SYSTEMPATH/CodeIgniter.php(502): CodeIgniter\CodeIgniter->runController(Object(App\Controllers\MovieAPI))
11 SYSTEMPATH/CodeIgniter.php(361): CodeIgniter\CodeIgniter->handleRequest(null, Object(Config\Cache), false)
12 FCPATH/index.php(79): CodeIgniter\CodeIgniter->run()
13 SYSTEMPATH/Commands/Server/rewrite.php(47): require_once('/Applications/XAMPP/xamppfiles/htdocs/bioskop/public/index.php')
INFO - 2023-12-16 03:11:08 --> Session: Class initialized using 'CodeIgniter\Session\Handlers\FileHandler' driver.
ERROR - 2023-12-16 03:11:42 --> mysqli_sql_exception: Column 'cast' cannot be null in /Applications/XAMPP/xamppfiles/htdocs/bioskop/system/Database/MySQLi/Connection.php:306
Stack trace:
#0 /Applications/XAMPP/xamppfiles/htdocs/bioskop/system/Database/MySQLi/Connection.php(306): mysqli->query('INSERT INTO `mo...', 0)
#1 /Applications/XAMPP/xamppfiles/htdocs/bioskop/system/Database/BaseConnection.php(693): CodeIgniter\Database\MySQLi\Connection->execute('INSERT INTO `mo...')
#2 /Applications/XAMPP/xamppfiles/htdocs/bioskop/system/Database/BaseConnection.php(607): CodeIgniter\Database\BaseConnection->simpleQuery('INSERT INTO `mo...')
#3 /Applications/XAMPP/xamppfiles/htdocs/bioskop/system/Database/BaseBuilder.php(2301): CodeIgniter\Database\BaseConnection->query('INSERT INTO `mo...', Array, false)
#4 /Applications/XAMPP/xamppfiles/htdocs/bioskop/system/Model.php(326): CodeIgniter\Database\BaseBuilder->insert()
#5 /Applications/XAMPP/xamppfiles/htdocs/bioskop/system/BaseModel.php(800): CodeIgniter\Model->doInsert(Array)
#6 /Applications/XAMPP/xamppfiles/htdocs/bioskop/system/Model.php(742): CodeIgniter\BaseModel->insert(Array, true)
#7 /Applications/XAMPP/xamppfiles/htdocs/bioskop/app/Controllers/MovieAPI.php(50): CodeIgniter\Model->insert(Array)
#8 /Applications/XAMPP/xamppfiles/htdocs/bioskop/system/CodeIgniter.php(942): App\Controllers\MovieAPI->create()
#9 /Applications/XAMPP/xamppfiles/htdocs/bioskop/system/CodeIgniter.php(502): CodeIgniter\CodeIgniter->runController(Object(App\Controllers\MovieAPI))
#10 /Applications/XAMPP/xamppfiles/htdocs/bioskop/system/CodeIgniter.php(361): CodeIgniter\CodeIgniter->handleRequest(NULL, Object(Config\Cache), false)
#11 /Applications/XAMPP/xamppfiles/htdocs/bioskop/public/index.php(79): CodeIgniter\CodeIgniter->run()
#12 /Applications/XAMPP/xamppfiles/htdocs/bioskop/system/Commands/Server/rewrite.php(47): require_once('/Applications/X...')
#13 {main}
CRITICAL - 2023-12-16 03:11:42 --> CodeIgniter\Database\Exceptions\DatabaseException: Column 'cast' cannot be null
in SYSTEMPATH/Database/BaseConnection.php on line 647.
 1 SYSTEMPATH/Database/BaseBuilder.php(2301): CodeIgniter\Database\BaseConnection->query('INSERT INTO `movie` (`title`, `synopsis`, `genre`, `durationInMins`, `director`, `cast`, `posterImg`) VALUES (:title:, :synopsis:, :genre:, :durationInMins:, :director:, :cast:, :posterImg:)', [...], false)
 2 SYSTEMPATH/Model.php(326): CodeIgniter\Database\BaseBuilder->insert()
 3 SYSTEMPATH/BaseModel.php(800): CodeIgniter\Model->doInsert([...])
 4 SYSTEMPATH/Model.php(742): CodeIgniter\BaseModel->insert([...], true)
 5 APPPATH/Controllers/MovieAPI.php(50): CodeIgniter\Model->insert([...])
 6 SYSTEMPATH/CodeIgniter.php(942): App\Controllers\MovieAPI->create()
 7 SYSTEMPATH/CodeIgniter.php(502): CodeIgniter\CodeIgniter->runController(Object(App\Controllers\MovieAPI))
 8 SYSTEMPATH/CodeIgniter.php(361): CodeIgniter\CodeIgniter->handleRequest(null, Object(Config\Cache), false)
 9 FCPATH/index.php(79): CodeIgniter\CodeIgniter->run()
10 SYSTEMPATH/Commands/Server/rewrite.php(47): require_once('/Applications/XAMPP/xamppfiles/htdocs/bioskop/public/index.php')
CRITICAL - 2023-12-16 03:11:42 --> [Caused by] CodeIgniter\Database\Exceptions\DatabaseException: Column 'cast' cannot be null
in SYSTEMPATH/Database/MySQLi/Connection.php on line 311.
 1 SYSTEMPATH/Database/BaseConnection.php(693): CodeIgniter\Database\MySQLi\Connection->execute('INSERT INTO `movie` (`title`, `synopsis`, `genre`, `durationInMins`, `director`, `cast`, `posterImg`) VALUES (\'d\', \'d\', \'d\', \'12\', \'a\', NULL, \'1702696302_50e9404252f9563dbbd5.png\')')
 2 SYSTEMPATH/Database/BaseConnection.php(607): CodeIgniter\Database\BaseConnection->simpleQuery('INSERT INTO `movie` (`title`, `synopsis`, `genre`, `durationInMins`, `director`, `cast`, `posterImg`) VALUES (\'d\', \'d\', \'d\', \'12\', \'a\', NULL, \'1702696302_50e9404252f9563dbbd5.png\')')
 3 SYSTEMPATH/Database/BaseBuilder.php(2301): CodeIgniter\Database\BaseConnection->query('INSERT INTO `movie` (`title`, `synopsis`, `genre`, `durationInMins`, `director`, `cast`, `posterImg`) VALUES (:title:, :synopsis:, :genre:, :durationInMins:, :director:, :cast:, :posterImg:)', [...], false)
 4 SYSTEMPATH/Model.php(326): CodeIgniter\Database\BaseBuilder->insert()
 5 SYSTEMPATH/BaseModel.php(800): CodeIgniter\Model->doInsert([...])
 6 SYSTEMPATH/Model.php(742): CodeIgniter\BaseModel->insert([...], true)
 7 APPPATH/Controllers/MovieAPI.php(50): CodeIgniter\Model->insert([...])
 8 SYSTEMPATH/CodeIgniter.php(942): App\Controllers\MovieAPI->create()
 9 SYSTEMPATH/CodeIgniter.php(502): CodeIgniter\CodeIgniter->runController(Object(App\Controllers\MovieAPI))
10 SYSTEMPATH/CodeIgniter.php(361): CodeIgniter\CodeIgniter->handleRequest(null, Object(Config\Cache), false)
11 FCPATH/index.php(79): CodeIgniter\CodeIgniter->run()
12 SYSTEMPATH/Commands/Server/rewrite.php(47): require_once('/Applications/XAMPP/xamppfiles/htdocs/bioskop/public/index.php')
CRITICAL - 2023-12-16 03:11:42 --> [Caused by] mysqli_sql_exception: Column 'cast' cannot be null
in SYSTEMPATH/Database/MySQLi/Connection.php on line 306.
 1 SYSTEMPATH/Database/MySQLi/Connection.php(306): mysqli->query('INSERT INTO `movie` (`title`, `synopsis`, `genre`, `durationInMins`, `director`, `cast`, `posterImg`) VALUES (\'d\', \'d\', \'d\', \'12\', \'a\', NULL, \'1702696302_50e9404252f9563dbbd5.png\')', 0)
 2 SYSTEMPATH/Database/BaseConnection.php(693): CodeIgniter\Database\MySQLi\Connection->execute('INSERT INTO `movie` (`title`, `synopsis`, `genre`, `durationInMins`, `director`, `cast`, `posterImg`) VALUES (\'d\', \'d\', \'d\', \'12\', \'a\', NULL, \'1702696302_50e9404252f9563dbbd5.png\')')
 3 SYSTEMPATH/Database/BaseConnection.php(607): CodeIgniter\Database\BaseConnection->simpleQuery('INSERT INTO `movie` (`title`, `synopsis`, `genre`, `durationInMins`, `director`, `cast`, `posterImg`) VALUES (\'d\', \'d\', \'d\', \'12\', \'a\', NULL, \'1702696302_50e9404252f9563dbbd5.png\')')
 4 SYSTEMPATH/Database/BaseBuilder.php(2301): CodeIgniter\Database\BaseConnection->query('INSERT INTO `movie` (`title`, `synopsis`, `genre`, `durationInMins`, `director`, `cast`, `posterImg`) VALUES (:title:, :synopsis:, :genre:, :durationInMins:, :director:, :cast:, :posterImg:)', [...], false)
 5 SYSTEMPATH/Model.php(326): CodeIgniter\Database\BaseBuilder->insert()
 6 SYSTEMPATH/BaseModel.php(800): CodeIgniter\Model->doInsert([...])
 7 SYSTEMPATH/Model.php(742): CodeIgniter\BaseModel->insert([...], true)
 8 APPPATH/Controllers/MovieAPI.php(50): CodeIgniter\Model->insert([...])
 9 SYSTEMPATH/CodeIgniter.php(942): App\Controllers\MovieAPI->create()
10 SYSTEMPATH/CodeIgniter.php(502): CodeIgniter\CodeIgniter->runController(Object(App\Controllers\MovieAPI))
11 SYSTEMPATH/CodeIgniter.php(361): CodeIgniter\CodeIgniter->handleRequest(null, Object(Config\Cache), false)
12 FCPATH/index.php(79): CodeIgniter\CodeIgniter->run()
13 SYSTEMPATH/Commands/Server/rewrite.php(47): require_once('/Applications/XAMPP/xamppfiles/htdocs/bioskop/public/index.php')
INFO - 2023-12-16 03:11:46 --> Session: Class initialized using 'CodeIgniter\Session\Handlers\FileHandler' driver.
INFO - 2023-12-16 03:12:47 --> Session: Class initialized using 'CodeIgniter\Session\Handlers\FileHandler' driver.
INFO - 2023-12-16 03:13:07 --> Session: Class initialized using 'CodeIgniter\Session\Handlers\FileHandler' driver.
ERROR - 2023-12-16 03:13:14 --> mysqli_sql_exception: Column 'cast' cannot be null in /Applications/XAMPP/xamppfiles/htdocs/bioskop/system/Database/MySQLi/Connection.php:306
Stack trace:
#0 /Applications/XAMPP/xamppfiles/htdocs/bioskop/system/Database/MySQLi/Connection.php(306): mysqli->query('INSERT INTO `mo...', 0)
#1 /Applications/XAMPP/xamppfiles/htdocs/bioskop/system/Database/BaseConnection.php(693): CodeIgniter\Database\MySQLi\Connection->execute('INSERT INTO `mo...')
#2 /Applications/XAMPP/xamppfiles/htdocs/bioskop/system/Database/BaseConnection.php(607): CodeIgniter\Database\BaseConnection->simpleQuery('INSERT INTO `mo...')
#3 /Applications/XAMPP/xamppfiles/htdocs/bioskop/system/Database/BaseBuilder.php(2301): CodeIgniter\Database\BaseConnection->query('INSERT INTO `mo...', Array, false)
#4 /Applications/XAMPP/xamppfiles/htdocs/bioskop/system/Model.php(326): CodeIgniter\Database\BaseBuilder->insert()
#5 /Applications/XAMPP/xamppfiles/htdocs/bioskop/system/BaseModel.php(800): CodeIgniter\Model->doInsert(Array)
#6 /Applications/XAMPP/xamppfiles/htdocs/bioskop/system/Model.php(742): CodeIgniter\BaseModel->insert(Array, true)
#7 /Applications/XAMPP/xamppfiles/htdocs/bioskop/app/Controllers/MovieAPI.php(50): CodeIgniter\Model->insert(Array)
#8 /Applications/XAMPP/xamppfiles/htdocs/bioskop/system/CodeIgniter.php(942): App\Controllers\MovieAPI->create()
#9 /Applications/XAMPP/xamppfiles/htdocs/bioskop/system/CodeIgniter.php(502): CodeIgniter\CodeIgniter->runController(Object(App\Controllers\MovieAPI))
#10 /Applications/XAMPP/xamppfiles/htdocs/bioskop/system/CodeIgniter.php(361): CodeIgniter\CodeIgniter->handleRequest(NULL, Object(Config\Cache), false)
#11 /Applications/XAMPP/xamppfiles/htdocs/bioskop/public/index.php(79): CodeIgniter\CodeIgniter->run()
#12 /Applications/XAMPP/xamppfiles/htdocs/bioskop/system/Commands/Server/rewrite.php(47): require_once('/Applications/X...')
#13 {main}
CRITICAL - 2023-12-16 03:13:14 --> CodeIgniter\Database\Exceptions\DatabaseException: Column 'cast' cannot be null
in SYSTEMPATH/Database/BaseConnection.php on line 647.
 1 SYSTEMPATH/Database/BaseBuilder.php(2301): CodeIgniter\Database\BaseConnection->query('INSERT INTO `movie` (`title`, `synopsis`, `genre`, `durationInMins`, `director`, `cast`, `posterImg`) VALUES (:title:, :synopsis:, :genre:, :durationInMins:, :director:, :cast:, :posterImg:)', [...], false)
 2 SYSTEMPATH/Model.php(326): CodeIgniter\Database\BaseBuilder->insert()
 3 SYSTEMPATH/BaseModel.php(800): CodeIgniter\Model->doInsert([...])
 4 SYSTEMPATH/Model.php(742): CodeIgniter\BaseModel->insert([...], true)
 5 APPPATH/Controllers/MovieAPI.php(50): CodeIgniter\Model->insert([...])
 6 SYSTEMPATH/CodeIgniter.php(942): App\Controllers\MovieAPI->create()
 7 SYSTEMPATH/CodeIgniter.php(502): CodeIgniter\CodeIgniter->runController(Object(App\Controllers\MovieAPI))
 8 SYSTEMPATH/CodeIgniter.php(361): CodeIgniter\CodeIgniter->handleRequest(null, Object(Config\Cache), false)
 9 FCPATH/index.php(79): CodeIgniter\CodeIgniter->run()
10 SYSTEMPATH/Commands/Server/rewrite.php(47): require_once('/Applications/XAMPP/xamppfiles/htdocs/bioskop/public/index.php')
CRITICAL - 2023-12-16 03:13:14 --> [Caused by] CodeIgniter\Database\Exceptions\DatabaseException: Column 'cast' cannot be null
in SYSTEMPATH/Database/MySQLi/Connection.php on line 311.
 1 SYSTEMPATH/Database/BaseConnection.php(693): CodeIgniter\Database\MySQLi\Connection->execute('INSERT INTO `movie` (`title`, `synopsis`, `genre`, `durationInMins`, `director`, `cast`, `posterImg`) VALUES (\'Test11\', \'s\', \'a\', \'123\', \'w\', NULL, \'1702696394_82ec48ffc0e50ef0165e.png\')')
 2 SYSTEMPATH/Database/BaseConnection.php(607): CodeIgniter\Database\BaseConnection->simpleQuery('INSERT INTO `movie` (`title`, `synopsis`, `genre`, `durationInMins`, `director`, `cast`, `posterImg`) VALUES (\'Test11\', \'s\', \'a\', \'123\', \'w\', NULL, \'1702696394_82ec48ffc0e50ef0165e.png\')')
 3 SYSTEMPATH/Database/BaseBuilder.php(2301): CodeIgniter\Database\BaseConnection->query('INSERT INTO `movie` (`title`, `synopsis`, `genre`, `durationInMins`, `director`, `cast`, `posterImg`) VALUES (:title:, :synopsis:, :genre:, :durationInMins:, :director:, :cast:, :posterImg:)', [...], false)
 4 SYSTEMPATH/Model.php(326): CodeIgniter\Database\BaseBuilder->insert()
 5 SYSTEMPATH/BaseModel.php(800): CodeIgniter\Model->doInsert([...])
 6 SYSTEMPATH/Model.php(742): CodeIgniter\BaseModel->insert([...], true)
 7 APPPATH/Controllers/MovieAPI.php(50): CodeIgniter\Model->insert([...])
 8 SYSTEMPATH/CodeIgniter.php(942): App\Controllers\MovieAPI->create()
 9 SYSTEMPATH/CodeIgniter.php(502): CodeIgniter\CodeIgniter->runController(Object(App\Controllers\MovieAPI))
10 SYSTEMPATH/CodeIgniter.php(361): CodeIgniter\CodeIgniter->handleRequest(null, Object(Config\Cache), false)
11 FCPATH/index.php(79): CodeIgniter\CodeIgniter->run()
12 SYSTEMPATH/Commands/Server/rewrite.php(47): require_once('/Applications/XAMPP/xamppfiles/htdocs/bioskop/public/index.php')
CRITICAL - 2023-12-16 03:13:14 --> [Caused by] mysqli_sql_exception: Column 'cast' cannot be null
in SYSTEMPATH/Database/MySQLi/Connection.php on line 306.
 1 SYSTEMPATH/Database/MySQLi/Connection.php(306): mysqli->query('INSERT INTO `movie` (`title`, `synopsis`, `genre`, `durationInMins`, `director`, `cast`, `posterImg`) VALUES (\'Test11\', \'s\', \'a\', \'123\', \'w\', NULL, \'1702696394_82ec48ffc0e50ef0165e.png\')', 0)
 2 SYSTEMPATH/Database/BaseConnection.php(693): CodeIgniter\Database\MySQLi\Connection->execute('INSERT INTO `movie` (`title`, `synopsis`, `genre`, `durationInMins`, `director`, `cast`, `posterImg`) VALUES (\'Test11\', \'s\', \'a\', \'123\', \'w\', NULL, \'1702696394_82ec48ffc0e50ef0165e.png\')')
 3 SYSTEMPATH/Database/BaseConnection.php(607): CodeIgniter\Database\BaseConnection->simpleQuery('INSERT INTO `movie` (`title`, `synopsis`, `genre`, `durationInMins`, `director`, `cast`, `posterImg`) VALUES (\'Test11\', \'s\', \'a\', \'123\', \'w\', NULL, \'1702696394_82ec48ffc0e50ef0165e.png\')')
 4 SYSTEMPATH/Database/BaseBuilder.php(2301): CodeIgniter\Database\BaseConnection->query('INSERT INTO `movie` (`title`, `synopsis`, `genre`, `durationInMins`, `director`, `cast`, `posterImg`) VALUES (:title:, :synopsis:, :genre:, :durationInMins:, :director:, :cast:, :posterImg:)', [...], false)
 5 SYSTEMPATH/Model.php(326): CodeIgniter\Database\BaseBuilder->insert()
 6 SYSTEMPATH/BaseModel.php(800): CodeIgniter\Model->doInsert([...])
 7 SYSTEMPATH/Model.php(742): CodeIgniter\BaseModel->insert([...], true)
 8 APPPATH/Controllers/MovieAPI.php(50): CodeIgniter\Model->insert([...])
 9 SYSTEMPATH/CodeIgniter.php(942): App\Controllers\MovieAPI->create()
10 SYSTEMPATH/CodeIgniter.php(502): CodeIgniter\CodeIgniter->runController(Object(App\Controllers\MovieAPI))
11 SYSTEMPATH/CodeIgniter.php(361): CodeIgniter\CodeIgniter->handleRequest(null, Object(Config\Cache), false)
12 FCPATH/index.php(79): CodeIgniter\CodeIgniter->run()
13 SYSTEMPATH/Commands/Server/rewrite.php(47): require_once('/Applications/XAMPP/xamppfiles/htdocs/bioskop/public/index.php')
INFO - 2023-12-16 03:13:17 --> Session: Class initialized using 'CodeIgniter\Session\Handlers\FileHandler' driver.
ERROR - 2023-12-16 03:13:22 --> mysqli_sql_exception: Column 'cast' cannot be null in /Applications/XAMPP/xamppfiles/htdocs/bioskop/system/Database/MySQLi/Connection.php:306
Stack trace:
#0 /Applications/XAMPP/xamppfiles/htdocs/bioskop/system/Database/MySQLi/Connection.php(306): mysqli->query('INSERT INTO `mo...', 0)
#1 /Applications/XAMPP/xamppfiles/htdocs/bioskop/system/Database/BaseConnection.php(693): CodeIgniter\Database\MySQLi\Connection->execute('INSERT INTO `mo...')
#2 /Applications/XAMPP/xamppfiles/htdocs/bioskop/system/Database/BaseConnection.php(607): CodeIgniter\Database\BaseConnection->simpleQuery('INSERT INTO `mo...')
#3 /Applications/XAMPP/xamppfiles/htdocs/bioskop/system/Database/BaseBuilder.php(2301): CodeIgniter\Database\BaseConnection->query('INSERT INTO `mo...', Array, false)
#4 /Applications/XAMPP/xamppfiles/htdocs/bioskop/system/Model.php(326): CodeIgniter\Database\BaseBuilder->insert()
#5 /Applications/XAMPP/xamppfiles/htdocs/bioskop/system/BaseModel.php(800): CodeIgniter\Model->doInsert(Array)
#6 /Applications/XAMPP/xamppfiles/htdocs/bioskop/system/Model.php(742): CodeIgniter\BaseModel->insert(Array, true)
#7 /Applications/XAMPP/xamppfiles/htdocs/bioskop/app/Controllers/MovieAPI.php(50): CodeIgniter\Model->insert(Array)
#8 /Applications/XAMPP/xamppfiles/htdocs/bioskop/system/CodeIgniter.php(942): App\Controllers\MovieAPI->create()
#9 /Applications/XAMPP/xamppfiles/htdocs/bioskop/system/CodeIgniter.php(502): CodeIgniter\CodeIgniter->runController(Object(App\Controllers\MovieAPI))
#10 /Applications/XAMPP/xamppfiles/htdocs/bioskop/system/CodeIgniter.php(361): CodeIgniter\CodeIgniter->handleRequest(NULL, Object(Config\Cache), false)
#11 /Applications/XAMPP/xamppfiles/htdocs/bioskop/public/index.php(79): CodeIgniter\CodeIgniter->run()
#12 /Applications/XAMPP/xamppfiles/htdocs/bioskop/system/Commands/Server/rewrite.php(47): require_once('/Applications/X...')
#13 {main}
CRITICAL - 2023-12-16 03:13:22 --> CodeIgniter\Database\Exceptions\DatabaseException: Column 'cast' cannot be null
in SYSTEMPATH/Database/BaseConnection.php on line 647.
 1 SYSTEMPATH/Database/BaseBuilder.php(2301): CodeIgniter\Database\BaseConnection->query('INSERT INTO `movie` (`title`, `synopsis`, `genre`, `durationInMins`, `director`, `cast`, `posterImg`) VALUES (:title:, :synopsis:, :genre:, :durationInMins:, :director:, :cast:, :posterImg:)', [...], false)
 2 SYSTEMPATH/Model.php(326): CodeIgniter\Database\BaseBuilder->insert()
 3 SYSTEMPATH/BaseModel.php(800): CodeIgniter\Model->doInsert([...])
 4 SYSTEMPATH/Model.php(742): CodeIgniter\BaseModel->insert([...], true)
 5 APPPATH/Controllers/MovieAPI.php(50): CodeIgniter\Model->insert([...])
 6 SYSTEMPATH/CodeIgniter.php(942): App\Controllers\MovieAPI->create()
 7 SYSTEMPATH/CodeIgniter.php(502): CodeIgniter\CodeIgniter->runController(Object(App\Controllers\MovieAPI))
 8 SYSTEMPATH/CodeIgniter.php(361): CodeIgniter\CodeIgniter->handleRequest(null, Object(Config\Cache), false)
 9 FCPATH/index.php(79): CodeIgniter\CodeIgniter->run()
10 SYSTEMPATH/Commands/Server/rewrite.php(47): require_once('/Applications/XAMPP/xamppfiles/htdocs/bioskop/public/index.php')
CRITICAL - 2023-12-16 03:13:22 --> [Caused by] CodeIgniter\Database\Exceptions\DatabaseException: Column 'cast' cannot be null
in SYSTEMPATH/Database/MySQLi/Connection.php on line 311.
 1 SYSTEMPATH/Database/BaseConnection.php(693): CodeIgniter\Database\MySQLi\Connection->execute('INSERT INTO `movie` (`title`, `synopsis`, `genre`, `durationInMins`, `director`, `cast`, `posterImg`) VALUES (\'Test11\', \'s\', \'a\', \'123\', \'waaa\', NULL, \'1702696402_5d980734479097815ee7.png\')')
 2 SYSTEMPATH/Database/BaseConnection.php(607): CodeIgniter\Database\BaseConnection->simpleQuery('INSERT INTO `movie` (`title`, `synopsis`, `genre`, `durationInMins`, `director`, `cast`, `posterImg`) VALUES (\'Test11\', \'s\', \'a\', \'123\', \'waaa\', NULL, \'1702696402_5d980734479097815ee7.png\')')
 3 SYSTEMPATH/Database/BaseBuilder.php(2301): CodeIgniter\Database\BaseConnection->query('INSERT INTO `movie` (`title`, `synopsis`, `genre`, `durationInMins`, `director`, `cast`, `posterImg`) VALUES (:title:, :synopsis:, :genre:, :durationInMins:, :director:, :cast:, :posterImg:)', [...], false)
 4 SYSTEMPATH/Model.php(326): CodeIgniter\Database\BaseBuilder->insert()
 5 SYSTEMPATH/BaseModel.php(800): CodeIgniter\Model->doInsert([...])
 6 SYSTEMPATH/Model.php(742): CodeIgniter\BaseModel->insert([...], true)
 7 APPPATH/Controllers/MovieAPI.php(50): CodeIgniter\Model->insert([...])
 8 SYSTEMPATH/CodeIgniter.php(942): App\Controllers\MovieAPI->create()
 9 SYSTEMPATH/CodeIgniter.php(502): CodeIgniter\CodeIgniter->runController(Object(App\Controllers\MovieAPI))
10 SYSTEMPATH/CodeIgniter.php(361): CodeIgniter\CodeIgniter->handleRequest(null, Object(Config\Cache), false)
11 FCPATH/index.php(79): CodeIgniter\CodeIgniter->run()
12 SYSTEMPATH/Commands/Server/rewrite.php(47): require_once('/Applications/XAMPP/xamppfiles/htdocs/bioskop/public/index.php')
CRITICAL - 2023-12-16 03:13:22 --> [Caused by] mysqli_sql_exception: Column 'cast' cannot be null
in SYSTEMPATH/Database/MySQLi/Connection.php on line 306.
 1 SYSTEMPATH/Database/MySQLi/Connection.php(306): mysqli->query('INSERT INTO `movie` (`title`, `synopsis`, `genre`, `durationInMins`, `director`, `cast`, `posterImg`) VALUES (\'Test11\', \'s\', \'a\', \'123\', \'waaa\', NULL, \'1702696402_5d980734479097815ee7.png\')', 0)
 2 SYSTEMPATH/Database/BaseConnection.php(693): CodeIgniter\Database\MySQLi\Connection->execute('INSERT INTO `movie` (`title`, `synopsis`, `genre`, `durationInMins`, `director`, `cast`, `posterImg`) VALUES (\'Test11\', \'s\', \'a\', \'123\', \'waaa\', NULL, \'1702696402_5d980734479097815ee7.png\')')
 3 SYSTEMPATH/Database/BaseConnection.php(607): CodeIgniter\Database\BaseConnection->simpleQuery('INSERT INTO `movie` (`title`, `synopsis`, `genre`, `durationInMins`, `director`, `cast`, `posterImg`) VALUES (\'Test11\', \'s\', \'a\', \'123\', \'waaa\', NULL, \'1702696402_5d980734479097815ee7.png\')')
 4 SYSTEMPATH/Database/BaseBuilder.php(2301): CodeIgniter\Database\BaseConnection->query('INSERT INTO `movie` (`title`, `synopsis`, `genre`, `durationInMins`, `director`, `cast`, `posterImg`) VALUES (:title:, :synopsis:, :genre:, :durationInMins:, :director:, :cast:, :posterImg:)', [...], false)
 5 SYSTEMPATH/Model.php(326): CodeIgniter\Database\BaseBuilder->insert()
 6 SYSTEMPATH/BaseModel.php(800): CodeIgniter\Model->doInsert([...])
 7 SYSTEMPATH/Model.php(742): CodeIgniter\BaseModel->insert([...], true)
 8 APPPATH/Controllers/MovieAPI.php(50): CodeIgniter\Model->insert([...])
 9 SYSTEMPATH/CodeIgniter.php(942): App\Controllers\MovieAPI->create()
10 SYSTEMPATH/CodeIgniter.php(502): CodeIgniter\CodeIgniter->runController(Object(App\Controllers\MovieAPI))
11 SYSTEMPATH/CodeIgniter.php(361): CodeIgniter\CodeIgniter->handleRequest(null, Object(Config\Cache), false)
12 FCPATH/index.php(79): CodeIgniter\CodeIgniter->run()
13 SYSTEMPATH/Commands/Server/rewrite.php(47): require_once('/Applications/XAMPP/xamppfiles/htdocs/bioskop/public/index.php')
INFO - 2023-12-16 03:13:25 --> Session: Class initialized using 'CodeIgniter\Session\Handlers\FileHandler' driver.
INFO - 2023-12-16 03:14:54 --> Session: Class initialized using 'CodeIgniter\Session\Handlers\FileHandler' driver.
INFO - 2023-12-16 03:15:10 --> Session: Class initialized using 'CodeIgniter\Session\Handlers\FileHandler' driver.
INFO - 2023-12-16 03:18:09 --> Session: Class initialized using 'CodeIgniter\Session\Handlers\FileHandler' driver.
INFO - 2023-12-16 03:18:10 --> Session: Class initialized using 'CodeIgniter\Session\Handlers\FileHandler' driver.
INFO - 2023-12-16 03:19:23 --> Session: Class initialized using 'CodeIgniter\Session\Handlers\FileHandler' driver.
INFO - 2023-12-16 03:19:31 --> Session: Class initialized using 'CodeIgniter\Session\Handlers\FileHandler' driver.
INFO - 2023-12-16 03:20:08 --> Session: Class initialized using 'CodeIgniter\Session\Handlers\FileHandler' driver.
INFO - 2023-12-16 03:20:48 --> Session: Class initialized using 'CodeIgniter\Session\Handlers\FileHandler' driver.
INFO - 2023-12-16 03:21:02 --> Session: Class initialized using 'CodeIgniter\Session\Handlers\FileHandler' driver.
INFO - 2023-12-16 03:21:04 --> Session: Class initialized using 'CodeIgniter\Session\Handlers\FileHandler' driver.
INFO - 2023-12-16 03:28:02 --> Session: Class initialized using 'CodeIgniter\Session\Handlers\FileHandler' driver.
INFO - 2023-12-16 03:28:46 --> Session: Class initialized using 'CodeIgniter\Session\Handlers\FileHandler' driver.
INFO - 2023-12-16 03:29:32 --> Session: Class initialized using 'CodeIgniter\Session\Handlers\FileHandler' driver.
INFO - 2023-12-16 03:29:53 --> Session: Class initialized using 'CodeIgniter\Session\Handlers\FileHandler' driver.
INFO - 2023-12-16 03:29:54 --> Session: Class initialized using 'CodeIgniter\Session\Handlers\FileHandler' driver.
INFO - 2023-12-16 03:29:59 --> Session: Class initialized using 'CodeIgniter\Session\Handlers\FileHandler' driver.
INFO - 2023-12-16 03:30:16 --> Session: Class initialized using 'CodeIgniter\Session\Handlers\FileHandler' driver.
INFO - 2023-12-16 03:30:17 --> Session: Class initialized using 'CodeIgniter\Session\Handlers\FileHandler' driver.
INFO - 2023-12-16 03:30:58 --> Session: Class initialized using 'CodeIgniter\Session\Handlers\FileHandler' driver.
INFO - 2023-12-16 03:31:00 --> Session: Class initialized using 'CodeIgniter\Session\Handlers\FileHandler' driver.
INFO - 2023-12-16 03:31:01 --> Session: Class initialized using 'CodeIgniter\Session\Handlers\FileHandler' driver.
INFO - 2023-12-16 03:31:37 --> Session: Class initialized using 'CodeIgniter\Session\Handlers\FileHandler' driver.
INFO - 2023-12-16 03:31:43 --> Session: Class initialized using 'CodeIgniter\Session\Handlers\FileHandler' driver.
INFO - 2023-12-16 03:32:23 --> Session: Class initialized using 'CodeIgniter\Session\Handlers\FileHandler' driver.
INFO - 2023-12-16 03:41:08 --> Session: Class initialized using 'CodeIgniter\Session\Handlers\FileHandler' driver.
INFO - 2023-12-16 03:41:10 --> Session: Class initialized using 'CodeIgniter\Session\Handlers\FileHandler' driver.
INFO - 2023-12-16 03:41:15 --> Session: Class initialized using 'CodeIgniter\Session\Handlers\FileHandler' driver.
INFO - 2023-12-16 03:41:16 --> Session: Class initialized using 'CodeIgniter\Session\Handlers\FileHandler' driver.
INFO - 2023-12-16 03:41:30 --> Session: Class initialized using 'CodeIgniter\Session\Handlers\FileHandler' driver.
INFO - 2023-12-16 03:41:34 --> Session: Class initialized using 'CodeIgniter\Session\Handlers\FileHandler' driver.
INFO - 2023-12-16 03:41:39 --> Session: Class initialized using 'CodeIgniter\Session\Handlers\FileHandler' driver.
INFO - 2023-12-16 04:15:13 --> Session: Class initialized using 'CodeIgniter\Session\Handlers\FileHandler' driver.
INFO - 2023-12-16 04:15:23 --> Session: Class initialized using 'CodeIgniter\Session\Handlers\FileHandler' driver.
INFO - 2023-12-16 04:15:25 --> Session: Class initialized using 'CodeIgniter\Session\Handlers\FileHandler' driver.
INFO - 2023-12-16 04:15:28 --> Session: Class initialized using 'CodeIgniter\Session\Handlers\FileHandler' driver.
INFO - 2023-12-16 04:17:43 --> Session: Class initialized using 'CodeIgniter\Session\Handlers\FileHandler' driver.
INFO - 2023-12-16 04:17:44 --> Session: Class initialized using 'CodeIgniter\Session\Handlers\FileHandler' driver.
INFO - 2023-12-16 04:18:37 --> Session: Class initialized using 'CodeIgniter\Session\Handlers\FileHandler' driver.
INFO - 2023-12-16 04:18:39 --> Session: Class initialized using 'CodeIgniter\Session\Handlers\FileHandler' driver.
INFO - 2023-12-16 04:18:48 --> Session: Class initialized using 'CodeIgniter\Session\Handlers\FileHandler' driver.
INFO - 2023-12-16 04:19:00 --> Session: Class initialized using 'CodeIgniter\Session\Handlers\FileHandler' driver.
INFO - 2023-12-16 04:19:07 --> Session: Class initialized using 'CodeIgniter\Session\Handlers\FileHandler' driver.
INFO - 2023-12-16 04:19:16 --> Session: Class initialized using 'CodeIgniter\Session\Handlers\FileHandler' driver.
INFO - 2023-12-16 04:19:17 --> Session: Class initialized using 'CodeIgniter\Session\Handlers\FileHandler' driver.
INFO - 2023-12-16 04:19:22 --> Session: Class initialized using 'CodeIgniter\Session\Handlers\FileHandler' driver.
INFO - 2023-12-16 04:19:45 --> Session: Class initialized using 'CodeIgniter\Session\Handlers\FileHandler' driver.
INFO - 2023-12-16 04:19:57 --> Session: Class initialized using 'CodeIgniter\Session\Handlers\FileHandler' driver.
INFO - 2023-12-16 04:22:00 --> Session: Class initialized using 'CodeIgniter\Session\Handlers\FileHandler' driver.
INFO - 2023-12-16 04:33:12 --> Session: Class initialized using 'CodeIgniter\Session\Handlers\FileHandler' driver.
INFO - 2023-12-16 04:33:13 --> Session: Class initialized using 'CodeIgniter\Session\Handlers\FileHandler' driver.
INFO - 2023-12-16 04:33:15 --> Session: Class initialized using 'CodeIgniter\Session\Handlers\FileHandler' driver.
INFO - 2023-12-16 04:33:16 --> Session: Class initialized using 'CodeIgniter\Session\Handlers\FileHandler' driver.
INFO - 2023-12-16 05:09:00 --> Session: Class initialized using 'CodeIgniter\Session\Handlers\FileHandler' driver.
INFO - 2023-12-16 05:12:02 --> Session: Class initialized using 'CodeIgniter\Session\Handlers\FileHandler' driver.
INFO - 2023-12-16 05:12:41 --> Session: Class initialized using 'CodeIgniter\Session\Handlers\FileHandler' driver.
INFO - 2023-12-16 05:12:59 --> Session: Class initialized using 'CodeIgniter\Session\Handlers\FileHandler' driver.
INFO - 2023-12-16 05:13:07 --> Session: Class initialized using 'CodeIgniter\Session\Handlers\FileHandler' driver.
INFO - 2023-12-16 05:15:14 --> Session: Class initialized using 'CodeIgniter\Session\Handlers\FileHandler' driver.
INFO - 2023-12-16 05:15:14 --> Session: Class initialized using 'CodeIgniter\Session\Handlers\FileHandler' driver.
INFO - 2023-12-16 05:15:24 --> Session: Class initialized using 'CodeIgniter\Session\Handlers\FileHandler' driver.
INFO - 2023-12-16 05:16:18 --> Session: Class initialized using 'CodeIgniter\Session\Handlers\FileHandler' driver.
INFO - 2023-12-16 05:16:33 --> Session: Class initialized using 'CodeIgniter\Session\Handlers\FileHandler' driver.
INFO - 2023-12-16 05:16:43 --> Session: Class initialized using 'CodeIgniter\Session\Handlers\FileHandler' driver.
INFO - 2023-12-16 05:16:56 --> Session: Class initialized using 'CodeIgniter\Session\Handlers\FileHandler' driver.
INFO - 2023-12-16 05:17:58 --> Session: Class initialized using 'CodeIgniter\Session\Handlers\FileHandler' driver.
INFO - 2023-12-16 05:18:08 --> Session: Class initialized using 'CodeIgniter\Session\Handlers\FileHandler' driver.
INFO - 2023-12-16 05:18:10 --> Session: Class initialized using 'CodeIgniter\Session\Handlers\FileHandler' driver.
INFO - 2023-12-16 05:18:32 --> Session: Class initialized using 'CodeIgniter\Session\Handlers\FileHandler' driver.
INFO - 2023-12-16 05:18:57 --> Session: Class initialized using 'CodeIgniter\Session\Handlers\FileHandler' driver.
INFO - 2023-12-16 05:19:48 --> Session: Class initialized using 'CodeIgniter\Session\Handlers\FileHandler' driver.
INFO - 2023-12-16 05:19:49 --> Session: Class initialized using 'CodeIgniter\Session\Handlers\FileHandler' driver.
INFO - 2023-12-16 05:23:00 --> Session: Class initialized using 'CodeIgniter\Session\Handlers\FileHandler' driver.
INFO - 2023-12-16 12:17:54 --> Session: Class initialized using 'CodeIgniter\Session\Handlers\FileHandler' driver.
INFO - 2023-12-16 12:18:01 --> Session: Class initialized using 'CodeIgniter\Session\Handlers\FileHandler' driver.
INFO - 2023-12-16 12:18:01 --> Session: Class initialized using 'CodeIgniter\Session\Handlers\FileHandler' driver.
INFO - 2023-12-16 12:18:47 --> Session: Class initialized using 'CodeIgniter\Session\Handlers\FileHandler' driver.
INFO - 2023-12-16 12:18:47 --> Session: Class initialized using 'CodeIgniter\Session\Handlers\FileHandler' driver.
INFO - 2023-12-16 12:18:48 --> Session: Class initialized using 'CodeIgniter\Session\Handlers\FileHandler' driver.
INFO - 2023-12-16 12:18:58 --> Session: Class initialized using 'CodeIgniter\Session\Handlers\FileHandler' driver.
INFO - 2023-12-16 12:19:02 --> Session: Class initialized using 'CodeIgniter\Session\Handlers\FileHandler' driver.
INFO - 2023-12-16 12:19:04 --> Session: Class initialized using 'CodeIgniter\Session\Handlers\FileHandler' driver.
INFO - 2023-12-16 12:29:39 --> Session: Class initialized using 'CodeIgniter\Session\Handlers\FileHandler' driver.
INFO - 2023-12-16 12:29:40 --> Session: Class initialized using 'CodeIgniter\Session\Handlers\FileHandler' driver.
INFO - 2023-12-16 12:29:54 --> Session: Class initialized using 'CodeIgniter\Session\Handlers\FileHandler' driver.
INFO - 2023-12-16 12:43:42 --> Session: Class initialized using 'CodeIgniter\Session\Handlers\FileHandler' driver.
